<?xml version="1.0" encoding="UTF-8"?>
<testsuite xmlns:xsi="http://www.w3.org/2001/XMLSchema-instance" xsi:noNamespaceSchemaLocation="https://maven.apache.org/surefire/maven-surefire-plugin/xsd/surefire-test-report.xsd" name="VVExercicios.processadorBoletos.exercicio.test.java.ProcessadorBoletosTest" time="0.013" tests="3" errors="0" skipped="0" failures="0">
  <properties>
[...]
</properties>
  <testcase name="doesClassFaturaExist" classname="VVExercicios.processadorBoletos.exercicio.test.java.ProcessadorBoletosTest" time="0.008"/>
  <testcase name="doesClassProcessadorExist" classname="VVExercicios.processadorBoletos.exercicio.test.java.ProcessadorBoletosTest" time="0.001"/>
  <testcase name="doesClassBoletoExist" classname="VVExercicios.processadorBoletos.exercicio.test.java.ProcessadorBoletosTest" time="0"/>
</testsuite>