-------------------------------------------------------------------------------
Test set: VVExercicios.processadorBoletos.exercicio.src.test.javaios.processadorBoletos.exercicio.src.javaios.processadorBoletos.exercicio.src.main.java.processadorboletos.src.test.java.ProcessadorBoletosTest
-------------------------------------------------------------------------------
Tests run: 2, Failures: 0, Errors: 0, Skipped: 0, Time elapsed: 0.013 s - in VVExercicios.processadorBoletos.exercicio.src.test.javaios.processadorBoletos.exercicio.src.javaios.processadorBoletos.exercicio.src.main.java.processadorboletos.src.test.java.ProcessadorBoletosTest
